timestamp: 2014-11-25T16:46:41.967000
CREATE TABLE auth_user(
    id INTEGER PRIMARY KEY AUTOINCREMENT,
    first_name CHAR(128),
    last_name CHAR(128),
    email CHAR(512),
    password CHAR(512),
    registration_key CHAR(512),
    reset_password_key CHAR(512),
    registration_id CHAR(512)
);
success!
timestamp: 2014-11-25T16:46:41.981000
CREATE TABLE auth_group(
    id INTEGER PRIMARY KEY AUTOINCREMENT,
    role CHAR(512),
    description TEXT
);
success!
timestamp: 2014-11-25T16:46:41.993000
CREATE TABLE auth_membership(
    id INTEGER PRIMARY KEY AUTOINCREMENT,
    user_id INTEGER REFERENCES auth_user (id) ON DELETE CASCADE,
    group_id INTEGER REFERENCES auth_group (id) ON DELETE CASCADE
);
success!
timestamp: 2014-11-25T16:46:42.005000
CREATE TABLE auth_permission(
    id INTEGER PRIMARY KEY AUTOINCREMENT,
    group_id INTEGER REFERENCES auth_group (id) ON DELETE CASCADE,
    name CHAR(512),
    table_name CHAR(512),
    record_id INTEGER
);
success!
timestamp: 2014-11-25T16:46:42.017000
CREATE TABLE auth_event(
    id INTEGER PRIMARY KEY AUTOINCREMENT,
    time_stamp TIMESTAMP,
    client_ip CHAR(512),
    user_id INTEGER REFERENCES auth_user (id) ON DELETE CASCADE,
    origin CHAR(512),
    description TEXT
);
success!
timestamp: 2014-11-25T16:46:42.031000
CREATE TABLE auth_cas(
    id INTEGER PRIMARY KEY AUTOINCREMENT,
    user_id INTEGER REFERENCES auth_user (id) ON DELETE CASCADE,
    created_on TIMESTAMP,
    service CHAR(512),
    ticket CHAR(512),
    renew CHAR(1)
);
success!
timestamp: 2014-11-28T16:16:03.194000
CREATE TABLE address(
    id INTEGER PRIMARY KEY AUTOINCREMENT,
    street_address CHAR(512),
    city CHAR(512),
    country CHAR(512),
    postcode CHAR(7)
);
success!
timestamp: 2014-11-28T16:16:03.228000
CREATE TABLE credit_card(
    id INTEGER PRIMARY KEY AUTOINCREMENT,
    number INTEGER,
    expiration DATE,
    pid INTEGER,
    address INTEGER REFERENCES address (id) ON DELETE CASCADE
);
success!
timestamp: 2014-11-28T16:16:03.238000
CREATE TABLE user(
    id INTEGER PRIMARY KEY AUTOINCREMENT,
    username CHAR(512) UNIQUE,
    real_name CHAR(512),
    birthdate DATE,
    address INTEGER REFERENCES address (id) ON DELETE CASCADE,
    credit_card INTEGER REFERENCES credit_card (id) ON DELETE CASCADE
);
success!
timestamp: 2014-11-28T16:16:03.250000
CREATE TABLE bootable(
    id INTEGER PRIMARY KEY AUTOINCREMENT,
    title CHAR(512),
    description CHAR(120),
    category CHAR(25),
    funding_goal DOUBLE,
    image CHAR(512),
    status CHAR(512),
    creation_date DATE,
    username CHAR(512) UNIQUE,
    long_description TEXT
);
success!
timestamp: 2014-11-28T16:16:03.264000
CREATE TABLE pledge(
    id INTEGER PRIMARY KEY AUTOINCREMENT,
    value DOUBLE,
    bootable INTEGER REFERENCES bootable (id) ON DELETE CASCADE,
    user INTEGER REFERENCES user (id) ON DELETE CASCADE
);
success!
timestamp: 2014-11-28T16:16:03.277000
CREATE TABLE pledge_tier(
    id INTEGER PRIMARY KEY AUTOINCREMENT,
    pledge_value DOUBLE,
    description CHAR(512),
    includes_lower CHAR(1),
    bootable INTEGER REFERENCES bootable (id) ON DELETE CASCADE
);
success!
success!
success!
success!
timestamp: 2014-11-28T18:45:54.137000
ALTER TABLE bootable ADD user INTEGER REFERENCES user (id) ON DELETE CASCADE;
success!
success!
success!
success!
success!
success!
success!
success!
success!
success!
success!
success!
success!
success!
success!
success!
success!
success!
success!
timestamp: 2014-11-28T18:53:54.125000
ALTER TABLE bootable ADD bm_description TEXT;
success!
success!
success!
success!
success!
success!
success!
success!
success!
success!
success!
success!
success!
success!
success!
success!
success!
success!
success!
success!
success!
success!
success!
success!
success!
success!
success!
success!
success!
success!
success!
success!
success!
success!
success!
success!
success!
success!
success!
success!
success!
success!
success!
success!
success!
success!
success!
success!
success!
success!
success!
success!
success!
success!
success!
success!
success!
success!
success!
success!
success!
success!
success!
success!
success!
success!
success!
success!
success!
success!
success!
success!
success!
success!
success!
success!
success!
success!
success!
success!
success!
success!
success!
success!
success!
success!
success!
success!
success!
success!
success!
success!
success!
success!
success!
success!
success!
success!
success!
success!
success!
success!
success!
success!
success!
success!
success!
success!
success!
success!
success!
success!
success!
success!
success!
success!
success!
success!
success!
success!
success!
success!
success!
success!
success!
success!
success!
success!
success!
success!
success!
success!
success!
success!
success!
success!
success!
success!
success!
success!
success!
success!
success!
success!
success!
success!
success!
success!
success!
success!
success!
success!
success!
success!
success!
success!
success!
success!
success!
success!
success!
success!
success!
success!
success!
success!
success!
success!
success!
success!
success!
success!
success!
success!
success!
success!
success!
success!
success!
success!
success!
success!
success!
success!
success!
success!
success!
success!
success!
success!
success!
success!
success!
success!
success!
success!
success!
success!
success!
success!
success!
success!
success!
success!
success!
success!
success!
success!
success!
success!
success!
success!
success!
success!
success!
success!
success!
success!
success!
success!
timestamp: 2014-11-29T18:43:40.072000
ALTER TABLE bootable ADD funded_on DATE;
success!
success!
success!
success!
success!
success!
success!
success!
success!
success!
success!
success!
success!
success!
success!
success!
success!
success!
success!
success!
success!
success!
success!
success!
success!
success!
success!
success!
success!
success!
success!
success!
success!
success!
success!
success!
success!
success!
success!
success!
success!
success!
success!
success!
success!
success!
success!
success!
success!
success!
success!
success!
success!
success!
success!
success!
success!
success!
success!
success!
success!
success!
success!
success!
success!
success!
success!
success!
success!
success!
success!
success!
success!
success!
success!
success!
success!
success!
success!
timestamp: 2014-11-30T09:39:38.608000
ALTER TABLE auth_user ADD username CHAR(128);
success!
success!
success!
success!
success!
success!
success!
success!
success!
success!
success!
success!
success!
success!
success!
success!
success!
success!
success!
success!
success!
success!
success!
success!
success!
success!
success!
success!
success!
success!
success!
